

============================== 2022-04-05 11:19:19.192570 | ba4470d0-c249-47cc-a54e-29ae0b63be9f ==============================
11:19:19.192570 [info ] [MainThread]: Running with dbt=1.0.4
11:19:19.193164 [debug] [MainThread]: running dbt with arguments Namespace(cls=<class 'dbt.task.init.InitTask'>, debug=None, defer=None, event_buffer_size=None, fail_fast=None, log_cache_events=False, log_format=None, partial_parse=None, printer_width=None, profile=None, profiles_dir='/home/gitpod/.dbt', project_dir=None, project_name='dbt_tutorial', record_timing_info=None, rpc_method=None, send_anonymous_usage_stats=None, single_threaded=False, skip_profile_setup=False, state=None, static_parser=None, target=None, use_colors=None, use_experimental_parser=None, vars='{}', version_check=None, warn_error=None, which='init', write_json=None)
11:19:19.193439 [debug] [MainThread]: Tracking: tracking
11:19:19.238369 [debug] [MainThread]: Sending event: {'category': 'dbt', 'action': 'invocation', 'label': 'start', 'context': [<snowplow_tracker.self_describing_json.SelfDescribingJson object at 0x7f46f32ecac0>, <snowplow_tracker.self_describing_json.SelfDescribingJson object at 0x7f46f32ecb20>, <snowplow_tracker.self_describing_json.SelfDescribingJson object at 0x7f46f32ecb50>]}
11:19:19.239009 [info ] [MainThread]: Creating dbt configuration folder at /home/gitpod/.dbt
11:19:19.239997 [debug] [MainThread]: Starter project path: /home/gitpod/.pyenv/versions/3.8.12/lib/python3.8/site-packages/dbt/include/starter_project
11:20:11.853660 [info ] [MainThread]: Profile dbt_tutorial written to /home/gitpod/.dbt/profiles.yml using target's sample configuration. Once updated, you'll be able to start developing with dbt.
11:20:11.854229 [info ] [MainThread]: 
Your new dbt project "dbt_tutorial" was created!

For more information on how to configure the profiles.yml file,
please consult the dbt documentation here:

  https://docs.getdbt.com/docs/configure-your-profile

One more thing:

Need help? Don't hesitate to reach out to us via GitHub issues or on Slack:

  https://community.getdbt.com/

Happy modeling!

11:20:11.854709 [debug] [MainThread]: Sending event: {'category': 'dbt', 'action': 'invocation', 'label': 'end', 'context': [<snowplow_tracker.self_describing_json.SelfDescribingJson object at 0x7f46f1b01400>, <snowplow_tracker.self_describing_json.SelfDescribingJson object at 0x7f46f1b01f70>, <snowplow_tracker.self_describing_json.SelfDescribingJson object at 0x7f46f1b014c0>]}


============================== 2022-04-05 11:38:50.787828 | f28351e3-4347-44b3-9d51-f326a3adb418 ==============================
11:38:50.787828 [info ] [MainThread]: Running with dbt=1.0.4
11:38:50.788374 [debug] [MainThread]: running dbt with arguments Namespace(cls=<class 'dbt.task.debug.DebugTask'>, config_dir=False, debug=None, defer=None, event_buffer_size=None, fail_fast=None, log_cache_events=False, log_format=None, partial_parse=None, printer_width=None, profile=None, profiles_dir='/home/gitpod/.dbt', project_dir=None, record_timing_info=None, rpc_method=None, send_anonymous_usage_stats=None, single_threaded=False, state=None, static_parser=None, target=None, use_colors=None, use_experimental_parser=None, vars='{}', version_check=None, warn_error=None, which='debug', write_json=None)
11:38:50.788620 [debug] [MainThread]: Tracking: tracking
11:38:50.831941 [debug] [MainThread]: Sending event: {'category': 'dbt', 'action': 'invocation', 'label': 'start', 'context': [<snowplow_tracker.self_describing_json.SelfDescribingJson object at 0x7ff19193e640>, <snowplow_tracker.self_describing_json.SelfDescribingJson object at 0x7ff19193e490>, <snowplow_tracker.self_describing_json.SelfDescribingJson object at 0x7ff19193e580>]}
11:38:50.905215 [debug] [MainThread]: Executing "git --help"
11:38:50.912111 [debug] [MainThread]: STDOUT: "b"usage: git [--version] [--help] [-C <path>] [-c <name>=<value>]\n           [--exec-path[=<path>]] [--html-path] [--man-path] [--info-path]\n           [-p | --paginate | -P | --no-pager] [--no-replace-objects] [--bare]\n           [--git-dir=<path>] [--work-tree=<path>] [--namespace=<name>]\n           [--super-prefix=<path>] [--config-env=<name>=<envvar>]\n           <command> [<args>]\n\nThese are common Git commands used in various situations:\n\nstart a working area (see also: git help tutorial)\n   clone     Clone a repository into a new directory\n   init      Create an empty Git repository or reinitialize an existing one\n\nwork on the current change (see also: git help everyday)\n   add       Add file contents to the index\n   mv        Move or rename a file, a directory, or a symlink\n   restore   Restore working tree files\n   rm        Remove files from the working tree and from the index\n\nexamine the history and state (see also: git help revisions)\n   bisect    Use binary search to find the commit that introduced a bug\n   diff      Show changes between commits, commit and working tree, etc\n   grep      Print lines matching a pattern\n   log       Show commit logs\n   show      Show various types of objects\n   status    Show the working tree status\n\ngrow, mark and tweak your common history\n   branch    List, create, or delete branches\n   commit    Record changes to the repository\n   merge     Join two or more development histories together\n   rebase    Reapply commits on top of another base tip\n   reset     Reset current HEAD to the specified state\n   switch    Switch branches\n   tag       Create, list, delete or verify a tag object signed with GPG\n\ncollaborate (see also: git help workflows)\n   fetch     Download objects and refs from another repository\n   pull      Fetch from and integrate with another repository or a local branch\n   push      Update remote refs along with associated objects\n\n'git help -a' and 'git help -g' list available subcommands and some\nconcept guides. See 'git help <command>' or 'git help <concept>'\nto read about a specific subcommand or concept.\nSee 'git help git' for an overview of the system.\n""
11:38:50.912623 [debug] [MainThread]: STDERR: "b''"
11:38:50.913183 [debug] [MainThread]: Sending event: {'category': 'dbt', 'action': 'invocation', 'label': 'end', 'context': [<snowplow_tracker.self_describing_json.SelfDescribingJson object at 0x7ff19193e4c0>, <snowplow_tracker.self_describing_json.SelfDescribingJson object at 0x7ff1900ab2b0>, <snowplow_tracker.self_describing_json.SelfDescribingJson object at 0x7ff1900ab370>]}
